<?xml version="1.0" encoding="UTF-8"?>
<!-- Generated by org.testng.reporters.JUnitReportReporter -->
<testsuite hostname="MacBooks-MBP-2" failures="0" tests="1" name="tests.ParabankTests.RegisterTests" time="7.658" errors="0" timestamp="2023-07-28T10:30:49 CEST" skipped="0">
  <testcase classname="tests.ParabankTests.RegisterTests" name="registerCustomerTest" time="7.658"/>
  <system-out/>
</testsuite> <!-- tests.ParabankTests.RegisterTests -->
